<?xml version="1.0" encoding="UTF-8"?>
<!-- Generated by org.testng.reporters.JUnitXMLReporter -->
<testsuite ignored="0" hostname="DESKTOP-GTDEF0H" failures="0" tests="3" name="Test" time="33.321" errors="0" timestamp="2026-04-18T14:49:50 IST">
  <testcase classname="All_test_related_pkg.Test_case_1" name="validcredentials1" time="0.762"/>
  <testcase classname="All_test_related_pkg.Test_case_2" name="validcredentials4" time="3.662"/>
  <testcase classname="All_test_related_pkg.Test_case_3" name="validcredentials4" time="9.782"/>
</testsuite> <!-- Test -->
