<?xml version="1.0" encoding="UTF-8"?>
<testng-results ignored="0" total="3" passed="3" failed="0" skipped="0">
  <reporter-output>
  </reporter-output>
  <suite started-at="2026-04-18T14:49:17 IST" name="Suite" finished-at="2026-04-18T14:49:50 IST" duration-ms="33321">
    <groups>
    </groups>
    <test started-at="2026-04-18T14:49:17 IST" name="Test" finished-at="2026-04-18T14:49:50 IST" duration-ms="33321">
      <class name="All_test_related_pkg.Test_case_1">
        <test-method is-config="true" signature="launchbrowser(java.lang.String)[pri:0, instance:All_test_related_pkg.Test_case_1@15de0b3c]" started-at="2026-04-18T14:49:17 IST" name="launchbrowser" finished-at="2026-04-18T14:49:26 IST" duration-ms="9412" status="PASS">
          <params>
            <param index="0">
              <value>
                <![CDATA[chrome]]>
              </value>
            </param>
          </params>
          <reporter-output>
          </reporter-output>
        </test-method> <!-- launchbrowser -->
        <test-method signature="validcredentials1()[pri:0, instance:All_test_related_pkg.Test_case_1@15de0b3c]" started-at="2026-04-18T14:49:26 IST" name="validcredentials1" finished-at="2026-04-18T14:49:27 IST" duration-ms="762" status="PASS">
          <reporter-output>
          </reporter-output>
        </test-method> <!-- validcredentials1 -->
        <test-method is-config="true" signature="clasebrowser()[pri:0, instance:All_test_related_pkg.Test_case_1@15de0b3c]" started-at="2026-04-18T14:49:27 IST" name="clasebrowser" finished-at="2026-04-18T14:49:27 IST" duration-ms="0" status="PASS">
          <reporter-output>
          </reporter-output>
        </test-method> <!-- clasebrowser -->
      </class> <!-- All_test_related_pkg.Test_case_1 -->
      <class name="All_test_related_pkg.Test_case_2">
        <test-method is-config="true" signature="launchbrowser(java.lang.String)[pri:0, instance:All_test_related_pkg.Test_case_2@7dc0f706]" started-at="2026-04-18T14:49:27 IST" name="launchbrowser" finished-at="2026-04-18T14:49:31 IST" duration-ms="3820" status="PASS">
          <params>
            <param index="0">
              <value>
                <![CDATA[chrome]]>
              </value>
            </param>
          </params>
          <reporter-output>
          </reporter-output>
        </test-method> <!-- launchbrowser -->
        <test-method signature="validcredentials4()[pri:0, instance:All_test_related_pkg.Test_case_2@7dc0f706]" started-at="2026-04-18T14:49:31 IST" name="validcredentials4" finished-at="2026-04-18T14:49:35 IST" duration-ms="3662" status="PASS">
          <reporter-output>
          </reporter-output>
        </test-method> <!-- validcredentials4 -->
        <test-method is-config="true" signature="clasebrowser()[pri:0, instance:All_test_related_pkg.Test_case_2@7dc0f706]" started-at="2026-04-18T14:49:35 IST" name="clasebrowser" finished-at="2026-04-18T14:49:35 IST" duration-ms="0" status="PASS">
          <reporter-output>
          </reporter-output>
        </test-method> <!-- clasebrowser -->
      </class> <!-- All_test_related_pkg.Test_case_2 -->
      <class name="All_test_related_pkg.Test_case_3">
        <test-method is-config="true" signature="launchbrowser(java.lang.String)[pri:0, instance:All_test_related_pkg.Test_case_3@4009e306]" started-at="2026-04-18T14:49:35 IST" name="launchbrowser" finished-at="2026-04-18T14:49:40 IST" duration-ms="5238" status="PASS">
          <params>
            <param index="0">
              <value>
                <![CDATA[chrome]]>
              </value>
            </param>
          </params>
          <reporter-output>
          </reporter-output>
        </test-method> <!-- launchbrowser -->
        <test-method signature="validcredentials4()[pri:0, instance:All_test_related_pkg.Test_case_3@4009e306]" started-at="2026-04-18T14:49:40 IST" name="validcredentials4" finished-at="2026-04-18T14:49:50 IST" duration-ms="9782" status="PASS">
          <reporter-output>
          </reporter-output>
        </test-method> <!-- validcredentials4 -->
        <test-method is-config="true" signature="clasebrowser()[pri:0, instance:All_test_related_pkg.Test_case_3@4009e306]" started-at="2026-04-18T14:49:50 IST" name="clasebrowser" finished-at="2026-04-18T14:49:50 IST" duration-ms="0" status="PASS">
          <reporter-output>
          </reporter-output>
        </test-method> <!-- clasebrowser -->
      </class> <!-- All_test_related_pkg.Test_case_3 -->
    </test> <!-- Test -->
  </suite> <!-- Suite -->
</testng-results>
